[x, y]
[0.0, 0.0]
[1.0, 1.0]
[2.0, 4.0]
[3.0, 9.0]
[4.0, 16.0]
[5.0, 25.0]
[6.0, 36.0]
[7.0, 49.0]
[8.0, 64.0]
[9.0, 81.0]
[10.0, 100.0]
[11.0, 121.0]
[12.0, 144.0]
[13.0, 169.0]
[14.0, 196.0]
[15.0, 225.0]
[16.0, 256.0]
[17.0, 289.0]
[18.0, 324.0]
[19.0, 361.0]
[20.0, 400.0]
[21.0, 441.0]
[22.0, 484.0]
[23.0, 529.0]
[24.0, 576.0]
[25.0, 625.0]
[26.0, 676.0]
[27.0, 729.0]
[28.0, 784.0]
[29.0, 841.0]
[30.0, 900.0]
[31.0, 961.0]
[32.0, 1024.0]
[33.0, 1089.0]
[34.0, 1156.0]
[35.0, 1225.0]
[36.0, 1296.0]
[37.0, 1369.0]
[38.0, 1444.0]
[39.0, 1521.0]
[40.0, 1600.0]
[41.0, 1681.0]
[42.0, 1764.0]
[43.0, 1849.0]
[44.0, 1936.0]
[45.0, 2025.0]
[46.0, 2116.0]
[47.0, 2209.0]
[48.0, 2304.0]
[49.0, 2401.0]
[50.0, 2500.0]
[51.0, 2601.0]
[52.0, 2704.0]
[53.0, 2809.0]
[54.0, 2916.0]
[55.0, 3025.0]
[56.0, 3136.0]
[57.0, 3249.0]
[58.0, 3364.0]
[59.0, 3481.0]
[60.0, 3600.0]
[61.0, 3721.0]
[62.0, 3844.0]
[63.0, 3969.0]
[64.0, 4096.0]
[65.0, 4225.0]
[66.0, 4356.0]
[67.0, 4489.0]
[68.0, 4624.0]
[69.0, 4761.0]
[70.0, 4900.0]
[71.0, 5041.0]
[72.0, 5184.0]
[73.0, 5329.0]
[74.0, 5476.0]
[75.0, 5625.0]
[76.0, 5776.0]
[77.0, 5929.0]
[78.0, 6084.0]
[79.0, 6241.0]
[80.0, 6400.0]
[81.0, 6561.0]
[82.0, 6724.0]
[83.0, 6889.0]
[84.0, 7056.0]
[85.0, 7225.0]
[86.0, 7396.0]
[87.0, 7569.0]
[88.0, 7744.0]
[89.0, 7921.0]
[90.0, 8100.0]
[91.0, 8281.0]
[92.0, 8464.0]
[93.0, 8649.0]
[94.0, 8836.0]
[95.0, 9025.0]
[96.0, 9216.0]
[97.0, 9409.0]
[98.0, 9604.0]
[99.0, 9801.0]
[100.0, 10000.0]
[101.0, 10201.0]
[102.0, 10404.0]
[103.0, 10609.0]
[104.0, 10816.0]
[105.0, 11025.0]
[106.0, 11236.0]
[107.0, 11449.0]
[108.0, 11664.0]
[109.0, 11881.0]
[110.0, 12100.0]
[111.0, 12321.0]
[112.0, 12544.0]
[113.0, 12769.0]
[114.0, 12996.0]
[115.0, 13225.0]
[116.0, 13456.0]
[117.0, 13689.0]
[118.0, 13924.0]
[119.0, 14161.0]
[120.0, 14400.0]
[121.0, 14641.0]
[122.0, 14884.0]
[123.0, 15129.0]
[124.0, 15376.0]
[125.0, 15625.0]
[126.0, 15876.0]
[127.0, 16129.0]
[128.0, 16384.0]
[129.0, 16641.0]
[130.0, 16900.0]
[131.0, 17161.0]
[132.0, 17424.0]
[133.0, 17689.0]
[134.0, 17956.0]
[135.0, 18225.0]
[136.0, 18496.0]
[137.0, 18769.0]
[138.0, 19044.0]
[139.0, 19321.0]
[140.0, 19600.0]
[141.0, 19881.0]
[142.0, 20164.0]
[143.0, 20449.0]
[144.0, 20736.0]
[145.0, 21025.0]
[146.0, 21316.0]
[147.0, 21609.0]
[148.0, 21904.0]
[149.0, 22201.0]
[150.0, 22500.0]
[151.0, 22801.0]
[152.0, 23104.0]
[153.0, 23409.0]
[154.0, 23716.0]
[155.0, 24025.0]
[156.0, 24336.0]
[157.0, 24649.0]
[158.0, 24964.0]
[159.0, 25281.0]
[160.0, 25600.0]
[161.0, 25921.0]
[162.0, 26244.0]
[163.0, 26569.0]
[164.0, 26896.0]
[165.0, 27225.0]
[166.0, 27556.0]
[167.0, 27889.0]
[168.0, 28224.0]
[169.0, 28561.0]
[170.0, 28900.0]
[171.0, 29241.0]
[172.0, 29584.0]
[173.0, 29929.0]
[174.0, 30276.0]
[175.0, 30625.0]
[176.0, 30976.0]
[177.0, 31329.0]
[178.0, 31684.0]
[179.0, 32041.0]
[180.0, 32400.0]
[181.0, 32761.0]
[182.0, 33124.0]
[183.0, 33489.0]
[184.0, 33856.0]
[185.0, 34225.0]
[186.0, 34596.0]
[187.0, 34969.0]
[188.0, 35344.0]
[189.0, 35721.0]
[190.0, 36100.0]
[191.0, 36481.0]
[192.0, 36864.0]
[193.0, 37249.0]
[194.0, 37636.0]
[195.0, 38025.0]
[196.0, 38416.0]
[197.0, 38809.0]
[198.0, 39204.0]
[199.0, 39601.0]
[200.0, 40000.0]
[201.0, 40401.0]
[202.0, 40804.0]
[203.0, 41209.0]
[204.0, 41616.0]
[205.0, 42025.0]
[206.0, 42436.0]
[207.0, 42849.0]
[208.0, 43264.0]
[209.0, 43681.0]
[210.0, 44100.0]
[211.0, 44521.0]
[212.0, 44944.0]
[213.0, 45369.0]
[214.0, 45796.0]
[215.0, 46225.0]
[216.0, 46656.0]
[217.0, 47089.0]
[218.0, 47524.0]
[219.0, 47961.0]
[220.0, 48400.0]
[221.0, 48841.0]
[222.0, 49284.0]
[223.0, 49729.0]
[224.0, 50176.0]
[225.0, 50625.0]
[226.0, 51076.0]
[227.0, 51529.0]
[228.0, 51984.0]
[229.0, 52441.0]
[230.0, 52900.0]
[231.0, 53361.0]
[232.0, 53824.0]
[233.0, 54289.0]
[234.0, 54756.0]
[235.0, 55225.0]
[236.0, 55696.0]
[237.0, 56169.0]
[238.0, 56644.0]
[239.0, 57121.0]
[240.0, 57600.0]
[241.0, 58081.0]
[242.0, 58564.0]
[243.0, 59049.0]
[244.0, 59536.0]
[245.0, 60025.0]
[246.0, 60516.0]
[247.0, 61009.0]
[248.0, 61504.0]
[249.0, 62001.0]
[250.0, 62500.0]
[251.0, 63001.0]
[252.0, 63504.0]
[253.0, 64009.0]
[254.0, 64516.0]
[255.0, 65025.0]
[256.0, 65536.0]
[257.0, 66049.0]
[258.0, 66564.0]
[259.0, 67081.0]
[260.0, 67600.0]
[261.0, 68121.0]
[262.0, 68644.0]
[263.0, 69169.0]
[264.0, 69696.0]
[265.0, 70225.0]
[266.0, 70756.0]
[267.0, 71289.0]
[268.0, 71824.0]
[269.0, 72361.0]
[270.0, 72900.0]
[271.0, 73441.0]
[272.0, 73984.0]
[273.0, 74529.0]
[274.0, 75076.0]
[275.0, 75625.0]
[276.0, 76176.0]
[277.0, 76729.0]
[278.0, 77284.0]
[279.0, 77841.0]
[280.0, 78400.0]
[281.0, 78961.0]
[282.0, 79524.0]
[283.0, 80089.0]
[284.0, 80656.0]
[285.0, 81225.0]
[286.0, 81796.0]
[287.0, 82369.0]
[288.0, 82944.0]
[289.0, 83521.0]
[290.0, 84100.0]
[291.0, 84681.0]
[292.0, 85264.0]
[293.0, 85849.0]
[294.0, 86436.0]
[295.0, 87025.0]
[296.0, 87616.0]
[297.0, 88209.0]
[298.0, 88804.0]
[299.0, 89401.0]
[300.0, 90000.0]
[301.0, 90601.0]
[302.0, 91204.0]
[303.0, 91809.0]
[304.0, 92416.0]
[305.0, 93025.0]
[306.0, 93636.0]
[307.0, 94249.0]
[308.0, 94864.0]
[309.0, 95481.0]
[310.0, 96100.0]
[311.0, 96721.0]
[312.0, 97344.0]
[313.0, 97969.0]
[314.0, 98596.0]
[315.0, 99225.0]
[316.0, 99856.0]
[317.0, 100489.0]
[318.0, 101124.0]
[319.0, 101761.0]
[320.0, 102400.0]
[321.0, 103041.0]
[322.0, 103684.0]
[323.0, 104329.0]
[324.0, 104976.0]
[325.0, 105625.0]
[326.0, 106276.0]
[327.0, 106929.0]
[328.0, 107584.0]
[329.0, 108241.0]
[330.0, 108900.0]
[331.0, 109561.0]
[332.0, 110224.0]
[333.0, 110889.0]
[334.0, 111556.0]
[335.0, 112225.0]
[336.0, 112896.0]
[337.0, 113569.0]
[338.0, 114244.0]
[339.0, 114921.0]
[340.0, 115600.0]
[341.0, 116281.0]
[342.0, 116964.0]
[343.0, 117649.0]
[344.0, 118336.0]
[345.0, 119025.0]
[346.0, 119716.0]
[347.0, 120409.0]
[348.0, 121104.0]
[349.0, 121801.0]
[350.0, 122500.0]
[351.0, 123201.0]
[352.0, 123904.0]
[353.0, 124609.0]
[354.0, 125316.0]
[355.0, 126025.0]
[356.0, 126736.0]
[357.0, 127449.0]
[358.0, 128164.0]
[359.0, 128881.0]
[360.0, 129600.0]
[361.0, 130321.0]
[362.0, 131044.0]
[363.0, 131769.0]
[364.0, 132496.0]
[365.0, 133225.0]
[366.0, 133956.0]
[367.0, 134689.0]
[368.0, 135424.0]
[369.0, 136161.0]
[370.0, 136900.0]
[371.0, 137641.0]
[372.0, 138384.0]
[373.0, 139129.0]
[374.0, 139876.0]
[375.0, 140625.0]
[376.0, 141376.0]
[377.0, 142129.0]
[378.0, 142884.0]
[379.0, 143641.0]
[380.0, 144400.0]
[381.0, 145161.0]
[382.0, 145924.0]
[383.0, 146689.0]
[384.0, 147456.0]
[385.0, 148225.0]
[386.0, 148996.0]
[387.0, 149769.0]
[388.0, 150544.0]
[389.0, 151321.0]
[390.0, 152100.0]
[391.0, 152881.0]
[392.0, 153664.0]
[393.0, 154449.0]
[394.0, 155236.0]
[395.0, 156025.0]
[396.0, 156816.0]
[397.0, 157609.0]
[398.0, 158404.0]
[399.0, 159201.0]
[400.0, 160000.0]
[401.0, 160801.0]
[402.0, 161604.0]
[403.0, 162409.0]
[404.0, 163216.0]
[405.0, 164025.0]
[406.0, 164836.0]
[407.0, 165649.0]
[408.0, 166464.0]
[409.0, 167281.0]
[410.0, 168100.0]
[411.0, 168921.0]
[412.0, 169744.0]
[413.0, 170569.0]
[414.0, 171396.0]
[415.0, 172225.0]
[416.0, 173056.0]
[417.0, 173889.0]
[418.0, 174724.0]
[419.0, 175561.0]
[420.0, 176400.0]
[421.0, 177241.0]
[422.0, 178084.0]
[423.0, 178929.0]
[424.0, 179776.0]
[425.0, 180625.0]
[426.0, 181476.0]
[427.0, 182329.0]
[428.0, 183184.0]
[429.0, 184041.0]
[430.0, 184900.0]
[431.0, 185761.0]
[432.0, 186624.0]
[433.0, 187489.0]
[434.0, 188356.0]
[435.0, 189225.0]
[436.0, 190096.0]
[437.0, 190969.0]
[438.0, 191844.0]
[439.0, 192721.0]
[440.0, 193600.0]
[441.0, 194481.0]
[442.0, 195364.0]
[443.0, 196249.0]
[444.0, 197136.0]
[445.0, 198025.0]
[446.0, 198916.0]
[447.0, 199809.0]
[448.0, 200704.0]
[449.0, 201601.0]
[450.0, 202500.0]
[451.0, 203401.0]
[452.0, 204304.0]
[453.0, 205209.0]
[454.0, 206116.0]
[455.0, 207025.0]
[456.0, 207936.0]
[457.0, 208849.0]
[458.0, 209764.0]
[459.0, 210681.0]
[460.0, 211600.0]
[461.0, 212521.0]
[462.0, 213444.0]
[463.0, 214369.0]
[464.0, 215296.0]
[465.0, 216225.0]
[466.0, 217156.0]
[467.0, 218089.0]
[468.0, 219024.0]
[469.0, 219961.0]
[470.0, 220900.0]
[471.0, 221841.0]
[472.0, 222784.0]
[473.0, 223729.0]
[474.0, 224676.0]
[475.0, 225625.0]
[476.0, 226576.0]
[477.0, 227529.0]
[478.0, 228484.0]
[479.0, 229441.0]
[480.0, 230400.0]
[481.0, 231361.0]
[482.0, 232324.0]
[483.0, 233289.0]
[484.0, 234256.0]
[485.0, 235225.0]
[486.0, 236196.0]
[487.0, 237169.0]
[488.0, 238144.0]
[489.0, 239121.0]
[490.0, 240100.0]
[491.0, 241081.0]
[492.0, 242064.0]
[493.0, 243049.0]
[494.0, 244036.0]
[495.0, 245025.0]
[496.0, 246016.0]
[497.0, 247009.0]
[498.0, 248004.0]
[499.0, 249001.0]
[500.0, 250000.0]
[501.0, 251001.0]
[502.0, 252004.0]
[503.0, 253009.0]
[504.0, 254016.0]
[505.0, 255025.0]
[506.0, 256036.0]
[507.0, 257049.0]
[508.0, 258064.0]
[509.0, 259081.0]
[510.0, 260100.0]
[511.0, 261121.0]
[512.0, 262144.0]
[513.0, 263169.0]
[514.0, 264196.0]
[515.0, 265225.0]
[516.0, 266256.0]
[517.0, 267289.0]
[518.0, 268324.0]
[519.0, 269361.0]
[520.0, 270400.0]
[521.0, 271441.0]
[522.0, 272484.0]
[523.0, 273529.0]
[524.0, 274576.0]
[525.0, 275625.0]
[526.0, 276676.0]
[527.0, 277729.0]
[528.0, 278784.0]
[529.0, 279841.0]
[530.0, 280900.0]
[531.0, 281961.0]
[532.0, 283024.0]
[533.0, 284089.0]
[534.0, 285156.0]
[535.0, 286225.0]
[536.0, 287296.0]
[537.0, 288369.0]
[538.0, 289444.0]
[539.0, 290521.0]
[540.0, 291600.0]
[541.0, 292681.0]
[542.0, 293764.0]
[543.0, 294849.0]
[544.0, 295936.0]
[545.0, 297025.0]
[546.0, 298116.0]
[547.0, 299209.0]
[548.0, 300304.0]
[549.0, 301401.0]
[550.0, 302500.0]
[551.0, 303601.0]
[552.0, 304704.0]
[553.0, 305809.0]
[554.0, 306916.0]
[555.0, 308025.0]
[556.0, 309136.0]
[557.0, 310249.0]
[558.0, 311364.0]
[559.0, 312481.0]
[560.0, 313600.0]
[561.0, 314721.0]
[562.0, 315844.0]
[563.0, 316969.0]
[564.0, 318096.0]
[565.0, 319225.0]
[566.0, 320356.0]
[567.0, 321489.0]
[568.0, 322624.0]
[569.0, 323761.0]
[570.0, 324900.0]
[571.0, 326041.0]
[572.0, 327184.0]
[573.0, 328329.0]
[574.0, 329476.0]
[575.0, 330625.0]
[576.0, 331776.0]
[577.0, 332929.0]
[578.0, 334084.0]
[579.0, 335241.0]
[580.0, 336400.0]
[581.0, 337561.0]
[582.0, 338724.0]
[583.0, 339889.0]
[584.0, 341056.0]
[585.0, 342225.0]
[586.0, 343396.0]
[587.0, 344569.0]
[588.0, 345744.0]
[589.0, 346921.0]
[590.0, 348100.0]
[591.0, 349281.0]
[592.0, 350464.0]
[593.0, 351649.0]
[594.0, 352836.0]
[595.0, 354025.0]
[596.0, 355216.0]
[597.0, 356409.0]
[598.0, 357604.0]
[599.0, 358801.0]
[600.0, 360000.0]
[601.0, 361201.0]
[602.0, 362404.0]
[603.0, 363609.0]
[604.0, 364816.0]
[605.0, 366025.0]
[606.0, 367236.0]
[607.0, 368449.0]
[608.0, 369664.0]
[609.0, 370881.0]
[610.0, 372100.0]
[611.0, 373321.0]
[612.0, 374544.0]
[613.0, 375769.0]
[614.0, 376996.0]
[615.0, 378225.0]
[616.0, 379456.0]
[617.0, 380689.0]
[618.0, 381924.0]
[619.0, 383161.0]
[620.0, 384400.0]
[621.0, 385641.0]
[622.0, 386884.0]
[623.0, 388129.0]
[624.0, 389376.0]
[625.0, 390625.0]
[626.0, 391876.0]
[627.0, 393129.0]
[628.0, 394384.0]
[629.0, 395641.0]
[630.0, 396900.0]
[631.0, 398161.0]
[632.0, 399424.0]
[633.0, 400689.0]
[634.0, 401956.0]
[635.0, 403225.0]
[636.0, 404496.0]
[637.0, 405769.0]
[638.0, 407044.0]
[639.0, 408321.0]
[640.0, 409600.0]
[641.0, 410881.0]
[642.0, 412164.0]
[643.0, 413449.0]
[644.0, 414736.0]
[645.0, 416025.0]
[646.0, 417316.0]
[647.0, 418609.0]
[648.0, 419904.0]
[649.0, 421201.0]
[650.0, 422500.0]
[651.0, 423801.0]
[652.0, 425104.0]
[653.0, 426409.0]
[654.0, 427716.0]
[655.0, 429025.0]
[656.0, 430336.0]
[657.0, 431649.0]
[658.0, 432964.0]
[659.0, 434281.0]
[660.0, 435600.0]
[661.0, 436921.0]
[662.0, 438244.0]
[663.0, 439569.0]
[664.0, 440896.0]
[665.0, 442225.0]
[666.0, 443556.0]
[667.0, 444889.0]
[668.0, 446224.0]
[669.0, 447561.0]
[670.0, 448900.0]
[671.0, 450241.0]
[672.0, 451584.0]
[673.0, 452929.0]
[674.0, 454276.0]
[675.0, 455625.0]
[676.0, 456976.0]
[677.0, 458329.0]
[678.0, 459684.0]
[679.0, 461041.0]
[680.0, 462400.0]
[681.0, 463761.0]
[682.0, 465124.0]
[683.0, 466489.0]
[684.0, 467856.0]
[685.0, 469225.0]
[686.0, 470596.0]
[687.0, 471969.0]
[688.0, 473344.0]
[689.0, 474721.0]
[690.0, 476100.0]
[691.0, 477481.0]
[692.0, 478864.0]
[693.0, 480249.0]
[694.0, 481636.0]
[695.0, 483025.0]
[696.0, 484416.0]
[697.0, 485809.0]
[698.0, 487204.0]
[699.0, 488601.0]
[700.0, 490000.0]
[701.0, 491401.0]
[702.0, 492804.0]
[703.0, 494209.0]
[704.0, 495616.0]
[705.0, 497025.0]
[706.0, 498436.0]
[707.0, 499849.0]
[708.0, 501264.0]
[709.0, 502681.0]
[710.0, 504100.0]
[711.0, 505521.0]
[712.0, 506944.0]
[713.0, 508369.0]
[714.0, 509796.0]
[715.0, 511225.0]
[716.0, 512656.0]
[717.0, 514089.0]
[718.0, 515524.0]
[719.0, 516961.0]
[720.0, 518400.0]
[721.0, 519841.0]
[722.0, 521284.0]
[723.0, 522729.0]
[724.0, 524176.0]
[725.0, 525625.0]
[726.0, 527076.0]
[727.0, 528529.0]
[728.0, 529984.0]
[729.0, 531441.0]
[730.0, 532900.0]
[731.0, 534361.0]
[732.0, 535824.0]
[733.0, 537289.0]
[734.0, 538756.0]
[735.0, 540225.0]
[736.0, 541696.0]
[737.0, 543169.0]
[738.0, 544644.0]
[739.0, 546121.0]
[740.0, 547600.0]
[741.0, 549081.0]
[742.0, 550564.0]
[743.0, 552049.0]
[744.0, 553536.0]
[745.0, 555025.0]
[746.0, 556516.0]
[747.0, 558009.0]
[748.0, 559504.0]
[749.0, 561001.0]
[750.0, 562500.0]
[751.0, 564001.0]
[752.0, 565504.0]
[753.0, 567009.0]
[754.0, 568516.0]
[755.0, 570025.0]
[756.0, 571536.0]
[757.0, 573049.0]
[758.0, 574564.0]
[759.0, 576081.0]
[760.0, 577600.0]
[761.0, 579121.0]
[762.0, 580644.0]
[763.0, 582169.0]
[764.0, 583696.0]
[765.0, 585225.0]
[766.0, 586756.0]
[767.0, 588289.0]
[768.0, 589824.0]
[769.0, 591361.0]
[770.0, 592900.0]
[771.0, 594441.0]
[772.0, 595984.0]
[773.0, 597529.0]
[774.0, 599076.0]
[775.0, 600625.0]
[776.0, 602176.0]
[777.0, 603729.0]
[778.0, 605284.0]
[779.0, 606841.0]
[780.0, 608400.0]
[781.0, 609961.0]
[782.0, 611524.0]
[783.0, 613089.0]
[784.0, 614656.0]
[785.0, 616225.0]
[786.0, 617796.0]
[787.0, 619369.0]
[788.0, 620944.0]
[789.0, 622521.0]
[790.0, 624100.0]
[791.0, 625681.0]
[792.0, 627264.0]
[793.0, 628849.0]
[794.0, 630436.0]
[795.0, 632025.0]
[796.0, 633616.0]
[797.0, 635209.0]
[798.0, 636804.0]
[799.0, 638401.0]
[800.0, 640000.0]
[801.0, 641601.0]
[802.0, 643204.0]
[803.0, 644809.0]
[804.0, 646416.0]
[805.0, 648025.0]
[806.0, 649636.0]
[807.0, 651249.0]
[808.0, 652864.0]
[809.0, 654481.0]
[810.0, 656100.0]
[811.0, 657721.0]
[812.0, 659344.0]
[813.0, 660969.0]
[814.0, 662596.0]
[815.0, 664225.0]
[816.0, 665856.0]
[817.0, 667489.0]
[818.0, 669124.0]
[819.0, 670761.0]
[820.0, 672400.0]
[821.0, 674041.0]
[822.0, 675684.0]
[823.0, 677329.0]
[824.0, 678976.0]
[825.0, 680625.0]
[826.0, 682276.0]
[827.0, 683929.0]
[828.0, 685584.0]
[829.0, 687241.0]
[830.0, 688900.0]
[831.0, 690561.0]
[832.0, 692224.0]
[833.0, 693889.0]
[834.0, 695556.0]
[835.0, 697225.0]
[836.0, 698896.0]
[837.0, 700569.0]
[838.0, 702244.0]
[839.0, 703921.0]
[840.0, 705600.0]
[841.0, 707281.0]
[842.0, 708964.0]
[843.0, 710649.0]
[844.0, 712336.0]
[845.0, 714025.0]
[846.0, 715716.0]
[847.0, 717409.0]
[848.0, 719104.0]
[849.0, 720801.0]
[850.0, 722500.0]
[851.0, 724201.0]
[852.0, 725904.0]
[853.0, 727609.0]
[854.0, 729316.0]
[855.0, 731025.0]
[856.0, 732736.0]
[857.0, 734449.0]
[858.0, 736164.0]
[859.0, 737881.0]
[860.0, 739600.0]
[861.0, 741321.0]
[862.0, 743044.0]
[863.0, 744769.0]
[864.0, 746496.0]
[865.0, 748225.0]
[866.0, 749956.0]
[867.0, 751689.0]
[868.0, 753424.0]
[869.0, 755161.0]
[870.0, 756900.0]
[871.0, 758641.0]
[872.0, 760384.0]
[873.0, 762129.0]
[874.0, 763876.0]
[875.0, 765625.0]
[876.0, 767376.0]
[877.0, 769129.0]
[878.0, 770884.0]
[879.0, 772641.0]
[880.0, 774400.0]
[881.0, 776161.0]
[882.0, 777924.0]
[883.0, 779689.0]
[884.0, 781456.0]
[885.0, 783225.0]
[886.0, 784996.0]
[887.0, 786769.0]
[888.0, 788544.0]
[889.0, 790321.0]
[890.0, 792100.0]
[891.0, 793881.0]
[892.0, 795664.0]
[893.0, 797449.0]
[894.0, 799236.0]
[895.0, 801025.0]
[896.0, 802816.0]
[897.0, 804609.0]
[898.0, 806404.0]
[899.0, 808201.0]
[900.0, 810000.0]
[901.0, 811801.0]
[902.0, 813604.0]
[903.0, 815409.0]
[904.0, 817216.0]
[905.0, 819025.0]
[906.0, 820836.0]
[907.0, 822649.0]
[908.0, 824464.0]
[909.0, 826281.0]
[910.0, 828100.0]
[911.0, 829921.0]
[912.0, 831744.0]
[913.0, 833569.0]
[914.0, 835396.0]
[915.0, 837225.0]
[916.0, 839056.0]
[917.0, 840889.0]
[918.0, 842724.0]
[919.0, 844561.0]
[920.0, 846400.0]
[921.0, 848241.0]
[922.0, 850084.0]
[923.0, 851929.0]
[924.0, 853776.0]
[925.0, 855625.0]
[926.0, 857476.0]
[927.0, 859329.0]
[928.0, 861184.0]
[929.0, 863041.0]
[930.0, 864900.0]
[931.0, 866761.0]
[932.0, 868624.0]
[933.0, 870489.0]
[934.0, 872356.0]
[935.0, 874225.0]
[936.0, 876096.0]
[937.0, 877969.0]
[938.0, 879844.0]
[939.0, 881721.0]
[940.0, 883600.0]
[941.0, 885481.0]
[942.0, 887364.0]
[943.0, 889249.0]
[944.0, 891136.0]
[945.0, 893025.0]
[946.0, 894916.0]
[947.0, 896809.0]
[948.0, 898704.0]
[949.0, 900601.0]
[950.0, 902500.0]
[951.0, 904401.0]
[952.0, 906304.0]
[953.0, 908209.0]
[954.0, 910116.0]
[955.0, 912025.0]
[956.0, 913936.0]
[957.0, 915849.0]
[958.0, 917764.0]
[959.0, 919681.0]
[960.0, 921600.0]
[961.0, 923521.0]
[962.0, 925444.0]
[963.0, 927369.0]
[964.0, 929296.0]
[965.0, 931225.0]
[966.0, 933156.0]
[967.0, 935089.0]
[968.0, 937024.0]
[969.0, 938961.0]
[970.0, 940900.0]
[971.0, 942841.0]
[972.0, 944784.0]
[973.0, 946729.0]
[974.0, 948676.0]
[975.0, 950625.0]
[976.0, 952576.0]
[977.0, 954529.0]
[978.0, 956484.0]
[979.0, 958441.0]
[980.0, 960400.0]
[981.0, 962361.0]
[982.0, 964324.0]
[983.0, 966289.0]
[984.0, 968256.0]
[985.0, 970225.0]
[986.0, 972196.0]
[987.0, 974169.0]
[988.0, 976144.0]
[989.0, 978121.0]
[990.0, 980100.0]
[991.0, 982081.0]
[992.0, 984064.0]
[993.0, 986049.0]
[994.0, 988036.0]
[995.0, 990025.0]
[996.0, 992016.0]
[997.0, 994009.0]
[998.0, 996004.0]
[999.0, 998001.0]
[1000.0, 1000000.0]
[1001.0, 1002001.0]
[1002.0, 1004004.0]
[1003.0, 1006009.0]
[1004.0, 1008016.0]
[1005.0, 1010025.0]
[1006.0, 1012036.0]
[1007.0, 1014049.0]
[1008.0, 1016064.0]
[1009.0, 1018081.0]
[1010.0, 1020100.0]
[1011.0, 1022121.0]
[1012.0, 1024144.0]
[1013.0, 1026169.0]
[1014.0, 1028196.0]
[1015.0, 1030225.0]
[1016.0, 1032256.0]
[1017.0, 1034289.0]
[1018.0, 1036324.0]
[1019.0, 1038361.0]
[1020.0, 1040400.0]
[1021.0, 1042441.0]
[1022.0, 1044484.0]
[1023.0, 1046529.0]
[1024.0, 1048576.0]
[1025.0, 1050625.0]
[1026.0, 1052676.0]
[1027.0, 1054729.0]
[1028.0, 1056784.0]
[1029.0, 1058841.0]
[1030.0, 1060900.0]
[1031.0, 1062961.0]
[1032.0, 1065024.0]
[1033.0, 1067089.0]
[1034.0, 1069156.0]
[1035.0, 1071225.0]
[1036.0, 1073296.0]
[1037.0, 1075369.0]
[1038.0, 1077444.0]
[1039.0, 1079521.0]
[1040.0, 1081600.0]
[1041.0, 1083681.0]
[1042.0, 1085764.0]
[1043.0, 1087849.0]
[1044.0, 1089936.0]
[1045.0, 1092025.0]
[1046.0, 1094116.0]
[1047.0, 1096209.0]
[1048.0, 1098304.0]
[1049.0, 1100401.0]
[1050.0, 1102500.0]
[1051.0, 1104601.0]
[1052.0, 1106704.0]
[1053.0, 1108809.0]
[1054.0, 1110916.0]
[1055.0, 1113025.0]
[1056.0, 1115136.0]
[1057.0, 1117249.0]
[1058.0, 1119364.0]
[1059.0, 1121481.0]
[1060.0, 1123600.0]
[1061.0, 1125721.0]
[1062.0, 1127844.0]
[1063.0, 1129969.0]
[1064.0, 1132096.0]
[1065.0, 1134225.0]
[1066.0, 1136356.0]
[1067.0, 1138489.0]
[1068.0, 1140624.0]
[1069.0, 1142761.0]
[1070.0, 1144900.0]
[1071.0, 1147041.0]
[1072.0, 1149184.0]
[1073.0, 1151329.0]
[1074.0, 1153476.0]
[1075.0, 1155625.0]
[1076.0, 1157776.0]
[1077.0, 1159929.0]
[1078.0, 1162084.0]
[1079.0, 1164241.0]
[1080.0, 1166400.0]
[1081.0, 1168561.0]
[1082.0, 1170724.0]
[1083.0, 1172889.0]
[1084.0, 1175056.0]
[1085.0, 1177225.0]
[1086.0, 1179396.0]
[1087.0, 1181569.0]
[1088.0, 1183744.0]
[1089.0, 1185921.0]
[1090.0, 1188100.0]
[1091.0, 1190281.0]
[1092.0, 1192464.0]
[1093.0, 1194649.0]
[1094.0, 1196836.0]
[1095.0, 1199025.0]
[1096.0, 1201216.0]
[1097.0, 1203409.0]
[1098.0, 1205604.0]
[1099.0, 1207801.0]
[1100.0, 1210000.0]
[1101.0, 1212201.0]
[1102.0, 1214404.0]
[1103.0, 1216609.0]
[1104.0, 1218816.0]
[1105.0, 1221025.0]
[1106.0, 1223236.0]
[1107.0, 1225449.0]
[1108.0, 1227664.0]
[1109.0, 1229881.0]
[1110.0, 1232100.0]
[1111.0, 1234321.0]
[1112.0, 1236544.0]
[1113.0, 1238769.0]
[1114.0, 1240996.0]
[1115.0, 1243225.0]
[1116.0, 1245456.0]
[1117.0, 1247689.0]
[1118.0, 1249924.0]
[1119.0, 1252161.0]
[1120.0, 1254400.0]
[1121.0, 1256641.0]
[1122.0, 1258884.0]
[1123.0, 1261129.0]
[1124.0, 1263376.0]
[1125.0, 1265625.0]
[1126.0, 1267876.0]
[1127.0, 1270129.0]
[1128.0, 1272384.0]
[1129.0, 1274641.0]
[1130.0, 1276900.0]
[1131.0, 1279161.0]
[1132.0, 1281424.0]
[1133.0, 1283689.0]
[1134.0, 1285956.0]
[1135.0, 1288225.0]
[1136.0, 1290496.0]
[1137.0, 1292769.0]
[1138.0, 1295044.0]
[1139.0, 1297321.0]
[1140.0, 1299600.0]
[1141.0, 1301881.0]
[1142.0, 1304164.0]
[1143.0, 1306449.0]
[1144.0, 1308736.0]
[1145.0, 1311025.0]
[1146.0, 1313316.0]
[1147.0, 1315609.0]
[1148.0, 1317904.0]
[1149.0, 1320201.0]
[1150.0, 1322500.0]
[1151.0, 1324801.0]
[1152.0, 1327104.0]
[1153.0, 1329409.0]
[1154.0, 1331716.0]
[1155.0, 1334025.0]
[1156.0, 1336336.0]
[1157.0, 1338649.0]
[1158.0, 1340964.0]
[1159.0, 1343281.0]
[1160.0, 1345600.0]
[1161.0, 1347921.0]
[1162.0, 1350244.0]
[1163.0, 1352569.0]
[1164.0, 1354896.0]
[1165.0, 1357225.0]
[1166.0, 1359556.0]
[1167.0, 1361889.0]
[1168.0, 1364224.0]
[1169.0, 1366561.0]
[1170.0, 1368900.0]
[1171.0, 1371241.0]
[1172.0, 1373584.0]
[1173.0, 1375929.0]
[1174.0, 1378276.0]
[1175.0, 1380625.0]
[1176.0, 1382976.0]
[1177.0, 1385329.0]
[1178.0, 1387684.0]
[1179.0, 1390041.0]
[1180.0, 1392400.0]
[1181.0, 1394761.0]
[1182.0, 1397124.0]
[1183.0, 1399489.0]
[1184.0, 1401856.0]
[1185.0, 1404225.0]
[1186.0, 1406596.0]
[1187.0, 1408969.0]
[1188.0, 1411344.0]
[1189.0, 1413721.0]
[1190.0, 1416100.0]
[1191.0, 1418481.0]
[1192.0, 1420864.0]
[1193.0, 1423249.0]
[1194.0, 1425636.0]
[1195.0, 1428025.0]
[1196.0, 1430416.0]
[1197.0, 1432809.0]
[1198.0, 1435204.0]
[1199.0, 1437601.0]
[1200.0, 1440000.0]
[1201.0, 1442401.0]
[1202.0, 1444804.0]
[1203.0, 1447209.0]
[1204.0, 1449616.0]
[1205.0, 1452025.0]
[1206.0, 1454436.0]
[1207.0, 1456849.0]
[1208.0, 1459264.0]
[1209.0, 1461681.0]
[1210.0, 1464100.0]
[1211.0, 1466521.0]
[1212.0, 1468944.0]
[1213.0, 1471369.0]
[1214.0, 1473796.0]
[1215.0, 1476225.0]
[1216.0, 1478656.0]
[1217.0, 1481089.0]
[1218.0, 1483524.0]
[1219.0, 1485961.0]
[1220.0, 1488400.0]
[1221.0, 1490841.0]
[1222.0, 1493284.0]
[1223.0, 1495729.0]
[1224.0, 1498176.0]
[1225.0, 1500625.0]
[1226.0, 1503076.0]
[1227.0, 1505529.0]
[1228.0, 1507984.0]
[1229.0, 1510441.0]
[1230.0, 1512900.0]
[1231.0, 1515361.0]
[1232.0, 1517824.0]
[1233.0, 1520289.0]
[1234.0, 1522756.0]
[1235.0, 1525225.0]
[1236.0, 1527696.0]
[1237.0, 1530169.0]
[1238.0, 1532644.0]
[1239.0, 1535121.0]
[1240.0, 1537600.0]
[1241.0, 1540081.0]
[1242.0, 1542564.0]
[1243.0, 1545049.0]
[1244.0, 1547536.0]
[1245.0, 1550025.0]
[1246.0, 1552516.0]
[1247.0, 1555009.0]
[1248.0, 1557504.0]
[1249.0, 1560001.0]
[1250.0, 1562500.0]
[1251.0, 1565001.0]
[1252.0, 1567504.0]
[1253.0, 1570009.0]
[1254.0, 1572516.0]
[1255.0, 1575025.0]
[1256.0, 1577536.0]
[1257.0, 1580049.0]
[1258.0, 1582564.0]
[1259.0, 1585081.0]
[1260.0, 1587600.0]
[1261.0, 1590121.0]
[1262.0, 1592644.0]
[1263.0, 1595169.0]
[1264.0, 1597696.0]
[1265.0, 1600225.0]
[1266.0, 1602756.0]
[1267.0, 1605289.0]
[1268.0, 1607824.0]
[1269.0, 1610361.0]
[1270.0, 1612900.0]
[1271.0, 1615441.0]
[1272.0, 1617984.0]
[1273.0, 1620529.0]
[1274.0, 1623076.0]
[1275.0, 1625625.0]
[1276.0, 1628176.0]
[1277.0, 1630729.0]
[1278.0, 1633284.0]
[1279.0, 1635841.0]
[1280.0, 1638400.0]
[1281.0, 1640961.0]
[1282.0, 1643524.0]
[1283.0, 1646089.0]
[1284.0, 1648656.0]
[1285.0, 1651225.0]
[1286.0, 1653796.0]
[1287.0, 1656369.0]
[1288.0, 1658944.0]
[1289.0, 1661521.0]
[1290.0, 1664100.0]
[1291.0, 1666681.0]
[1292.0, 1669264.0]
[1293.0, 1671849.0]
[1294.0, 1674436.0]
[1295.0, 1677025.0]
[1296.0, 1679616.0]
[1297.0, 1682209.0]
[1298.0, 1684804.0]
[1299.0, 1687401.0]
[1300.0, 1690000.0]
[1301.0, 1692601.0]
[1302.0, 1695204.0]
[1303.0, 1697809.0]
[1304.0, 1700416.0]
[1305.0, 1703025.0]
[1306.0, 1705636.0]
[1307.0, 1708249.0]
[1308.0, 1710864.0]
[1309.0, 1713481.0]
[1310.0, 1716100.0]
[1311.0, 1718721.0]
[1312.0, 1721344.0]
[1313.0, 1723969.0]
[1314.0, 1726596.0]
[1315.0, 1729225.0]
[1316.0, 1731856.0]
[1317.0, 1734489.0]
[1318.0, 1737124.0]
[1319.0, 1739761.0]
[1320.0, 1742400.0]
[1321.0, 1745041.0]
[1322.0, 1747684.0]
[1323.0, 1750329.0]
[1324.0, 1752976.0]
[1325.0, 1755625.0]
[1326.0, 1758276.0]
[1327.0, 1760929.0]
[1328.0, 1763584.0]
[1329.0, 1766241.0]
[1330.0, 1768900.0]
[1331.0, 1771561.0]
[1332.0, 1774224.0]
[1333.0, 1776889.0]
[1334.0, 1779556.0]
[1335.0, 1782225.0]
[1336.0, 1784896.0]
[1337.0, 1787569.0]
[1338.0, 1790244.0]
[1339.0, 1792921.0]
[1340.0, 1795600.0]
[1341.0, 1798281.0]
[1342.0, 1800964.0]
[1343.0, 1803649.0]
[1344.0, 1806336.0]
[1345.0, 1809025.0]
[1346.0, 1811716.0]
[1347.0, 1814409.0]
[1348.0, 1817104.0]
[1349.0, 1819801.0]
[1350.0, 1822500.0]
[1351.0, 1825201.0]
[1352.0, 1827904.0]
[1353.0, 1830609.0]
[1354.0, 1833316.0]
[1355.0, 1836025.0]
[1356.0, 1838736.0]
[1357.0, 1841449.0]
[1358.0, 1844164.0]
[1359.0, 1846881.0]
[1360.0, 1849600.0]
[1361.0, 1852321.0]
[1362.0, 1855044.0]
[1363.0, 1857769.0]
[1364.0, 1860496.0]
[1365.0, 1863225.0]
[1366.0, 1865956.0]
[1367.0, 1868689.0]
[1368.0, 1871424.0]
[1369.0, 1874161.0]
[1370.0, 1876900.0]
[1371.0, 1879641.0]
[1372.0, 1882384.0]
[1373.0, 1885129.0]
[1374.0, 1887876.0]
[1375.0, 1890625.0]
[1376.0, 1893376.0]
[1377.0, 1896129.0]
[1378.0, 1898884.0]
[1379.0, 1901641.0]
[1380.0, 1904400.0]
[1381.0, 1907161.0]
[1382.0, 1909924.0]
[1383.0, 1912689.0]
[1384.0, 1915456.0]
[1385.0, 1918225.0]
[1386.0, 1920996.0]
[1387.0, 1923769.0]
[1388.0, 1926544.0]
[1389.0, 1929321.0]
[1390.0, 1932100.0]
[1391.0, 1934881.0]
[1392.0, 1937664.0]
[1393.0, 1940449.0]
[1394.0, 1943236.0]
[1395.0, 1946025.0]
[1396.0, 1948816.0]
[1397.0, 1951609.0]
[1398.0, 1954404.0]
[1399.0, 1957201.0]
[1400.0, 1960000.0]
[1401.0, 1962801.0]
[1402.0, 1965604.0]
[1403.0, 1968409.0]
[1404.0, 1971216.0]
[1405.0, 1974025.0]
[1406.0, 1976836.0]
[1407.0, 1979649.0]
[1408.0, 1982464.0]
[1409.0, 1985281.0]
[1410.0, 1988100.0]
[1411.0, 1990921.0]
[1412.0, 1993744.0]
[1413.0, 1996569.0]
[1414.0, 1999396.0]
[1415.0, 2002225.0]
[1416.0, 2005056.0]
[1417.0, 2007889.0]
[1418.0, 2010724.0]
[1419.0, 2013561.0]
[1420.0, 2016400.0]
[1421.0, 2019241.0]
[1422.0, 2022084.0]
[1423.0, 2024929.0]
[1424.0, 2027776.0]
[1425.0, 2030625.0]
[1426.0, 2033476.0]
[1427.0, 2036329.0]
[1428.0, 2039184.0]
[1429.0, 2042041.0]
[1430.0, 2044900.0]
[1431.0, 2047761.0]
[1432.0, 2050624.0]
[1433.0, 2053489.0]
[1434.0, 2056356.0]
[1435.0, 2059225.0]
[1436.0, 2062096.0]
[1437.0, 2064969.0]
[1438.0, 2067844.0]
[1439.0, 2070721.0]
[1440.0, 2073600.0]
[1441.0, 2076481.0]
[1442.0, 2079364.0]
[1443.0, 2082249.0]
[1444.0, 2085136.0]
[1445.0, 2088025.0]
[1446.0, 2090916.0]
[1447.0, 2093809.0]
[1448.0, 2096704.0]
[1449.0, 2099601.0]
[1450.0, 2102500.0]
[1451.0, 2105401.0]
[1452.0, 2108304.0]
[1453.0, 2111209.0]
[1454.0, 2114116.0]
[1455.0, 2117025.0]
[1456.0, 2119936.0]
[1457.0, 2122849.0]
[1458.0, 2125764.0]
[1459.0, 2128681.0]
[1460.0, 2131600.0]
[1461.0, 2134521.0]
[1462.0, 2137444.0]
[1463.0, 2140369.0]
[1464.0, 2143296.0]
[1465.0, 2146225.0]
[1466.0, 2149156.0]
[1467.0, 2152089.0]
[1468.0, 2155024.0]
[1469.0, 2157961.0]
[1470.0, 2160900.0]
[1471.0, 2163841.0]
[1472.0, 2166784.0]
[1473.0, 2169729.0]
[1474.0, 2172676.0]
[1475.0, 2175625.0]
[1476.0, 2178576.0]
[1477.0, 2181529.0]
[1478.0, 2184484.0]
[1479.0, 2187441.0]
[1480.0, 2190400.0]
[1481.0, 2193361.0]
[1482.0, 2196324.0]
[1483.0, 2199289.0]
[1484.0, 2202256.0]
[1485.0, 2205225.0]
[1486.0, 2208196.0]
[1487.0, 2211169.0]
[1488.0, 2214144.0]
[1489.0, 2217121.0]
[1490.0, 2220100.0]
[1491.0, 2223081.0]
[1492.0, 2226064.0]
[1493.0, 2229049.0]
[1494.0, 2232036.0]
[1495.0, 2235025.0]
[1496.0, 2238016.0]
[1497.0, 2241009.0]
[1498.0, 2244004.0]
[1499.0, 2247001.0]
[1500.0, 2250000.0]
[1501.0, 2253001.0]
[1502.0, 2256004.0]
[1503.0, 2259009.0]
[1504.0, 2262016.0]
[1505.0, 2265025.0]
[1506.0, 2268036.0]
[1507.0, 2271049.0]
[1508.0, 2274064.0]
[1509.0, 2277081.0]
[1510.0, 2280100.0]
[1511.0, 2283121.0]
[1512.0, 2286144.0]
[1513.0, 2289169.0]
[1514.0, 2292196.0]
[1515.0, 2295225.0]
[1516.0, 2298256.0]
[1517.0, 2301289.0]
[1518.0, 2304324.0]
[1519.0, 2307361.0]
[1520.0, 2310400.0]
[1521.0, 2313441.0]
[1522.0, 2316484.0]
[1523.0, 2319529.0]
[1524.0, 2322576.0]
[1525.0, 2325625.0]
[1526.0, 2328676.0]
[1527.0, 2331729.0]
[1528.0, 2334784.0]
[1529.0, 2337841.0]
[1530.0, 2340900.0]
[1531.0, 2343961.0]
[1532.0, 2347024.0]
[1533.0, 2350089.0]
[1534.0, 2353156.0]
[1535.0, 2356225.0]
[1536.0, 2359296.0]
[1537.0, 2362369.0]
[1538.0, 2365444.0]
[1539.0, 2368521.0]
[1540.0, 2371600.0]
[1541.0, 2374681.0]
[1542.0, 2377764.0]
[1543.0, 2380849.0]
[1544.0, 2383936.0]
[1545.0, 2387025.0]
[1546.0, 2390116.0]
[1547.0, 2393209.0]
[1548.0, 2396304.0]
[1549.0, 2399401.0]
[1550.0, 2402500.0]
[1551.0, 2405601.0]
[1552.0, 2408704.0]
[1553.0, 2411809.0]
[1554.0, 2414916.0]
[1555.0, 2418025.0]
[1556.0, 2421136.0]
[1557.0, 2424249.0]
[1558.0, 2427364.0]
[1559.0, 2430481.0]
[1560.0, 2433600.0]
[1561.0, 2436721.0]
[1562.0, 2439844.0]
[1563.0, 2442969.0]
[1564.0, 2446096.0]
[1565.0, 2449225.0]
[1566.0, 2452356.0]
[1567.0, 2455489.0]
[1568.0, 2458624.0]
[1569.0, 2461761.0]
[1570.0, 2464900.0]
[1571.0, 2468041.0]
[1572.0, 2471184.0]
[1573.0, 2474329.0]
[1574.0, 2477476.0]
[1575.0, 2480625.0]
[1576.0, 2483776.0]
[1577.0, 2486929.0]
[1578.0, 2490084.0]
[1579.0, 2493241.0]
[1580.0, 2496400.0]
[1581.0, 2499561.0]
[1582.0, 2502724.0]
[1583.0, 2505889.0]
[1584.0, 2509056.0]
[1585.0, 2512225.0]
[1586.0, 2515396.0]
[1587.0, 2518569.0]
[1588.0, 2521744.0]
[1589.0, 2524921.0]
[1590.0, 2528100.0]
[1591.0, 2531281.0]
[1592.0, 2534464.0]
[1593.0, 2537649.0]
[1594.0, 2540836.0]
[1595.0, 2544025.0]
[1596.0, 2547216.0]
[1597.0, 2550409.0]
[1598.0, 2553604.0]
[1599.0, 2556801.0]
[1600.0, 2560000.0]
[1601.0, 2563201.0]
[1602.0, 2566404.0]
[1603.0, 2569609.0]
[1604.0, 2572816.0]
[1605.0, 2576025.0]
[1606.0, 2579236.0]
[1607.0, 2582449.0]
[1608.0, 2585664.0]
[1609.0, 2588881.0]
[1610.0, 2592100.0]
[1611.0, 2595321.0]
[1612.0, 2598544.0]
[1613.0, 2601769.0]
[1614.0, 2604996.0]
[1615.0, 2608225.0]
[1616.0, 2611456.0]
[1617.0, 2614689.0]
[1618.0, 2617924.0]
[1619.0, 2621161.0]
[1620.0, 2624400.0]
[1621.0, 2627641.0]
[1622.0, 2630884.0]
[1623.0, 2634129.0]
[1624.0, 2637376.0]
[1625.0, 2640625.0]
[1626.0, 2643876.0]
[1627.0, 2647129.0]
[1628.0, 2650384.0]
[1629.0, 2653641.0]
[1630.0, 2656900.0]
[1631.0, 2660161.0]
[1632.0, 2663424.0]
[1633.0, 2666689.0]
[1634.0, 2669956.0]
[1635.0, 2673225.0]
[1636.0, 2676496.0]
[1637.0, 2679769.0]
[1638.0, 2683044.0]
[1639.0, 2686321.0]
[1640.0, 2689600.0]
[1641.0, 2692881.0]
[1642.0, 2696164.0]
[1643.0, 2699449.0]
[1644.0, 2702736.0]
[1645.0, 2706025.0]
[1646.0, 2709316.0]
[1647.0, 2712609.0]
[1648.0, 2715904.0]
[1649.0, 2719201.0]
[1650.0, 2722500.0]
[1651.0, 2725801.0]
[1652.0, 2729104.0]
[1653.0, 2732409.0]
[1654.0, 2735716.0]
[1655.0, 2739025.0]
[1656.0, 2742336.0]
[1657.0, 2745649.0]
[1658.0, 2748964.0]
[1659.0, 2752281.0]
[1660.0, 2755600.0]
[1661.0, 2758921.0]
[1662.0, 2762244.0]
[1663.0, 2765569.0]
[1664.0, 2768896.0]
[1665.0, 2772225.0]
[1666.0, 2775556.0]
[1667.0, 2778889.0]
[1668.0, 2782224.0]
[1669.0, 2785561.0]
[1670.0, 2788900.0]
[1671.0, 2792241.0]
[1672.0, 2795584.0]
[1673.0, 2798929.0]
[1674.0, 2802276.0]
[1675.0, 2805625.0]
[1676.0, 2808976.0]
[1677.0, 2812329.0]
[1678.0, 2815684.0]
[1679.0, 2819041.0]
[1680.0, 2822400.0]
[1681.0, 2825761.0]
[1682.0, 2829124.0]
[1683.0, 2832489.0]
[1684.0, 2835856.0]
[1685.0, 2839225.0]
[1686.0, 2842596.0]
[1687.0, 2845969.0]
[1688.0, 2849344.0]
[1689.0, 2852721.0]
[1690.0, 2856100.0]
[1691.0, 2859481.0]
[1692.0, 2862864.0]
[1693.0, 2866249.0]
[1694.0, 2869636.0]
[1695.0, 2873025.0]
[1696.0, 2876416.0]
[1697.0, 2879809.0]
[1698.0, 2883204.0]
[1699.0, 2886601.0]
[1700.0, 2890000.0]
[1701.0, 2893401.0]
[1702.0, 2896804.0]
[1703.0, 2900209.0]
[1704.0, 2903616.0]
[1705.0, 2907025.0]
[1706.0, 2910436.0]
[1707.0, 2913849.0]
[1708.0, 2917264.0]
[1709.0, 2920681.0]
[1710.0, 2924100.0]
[1711.0, 2927521.0]
[1712.0, 2930944.0]
[1713.0, 2934369.0]
[1714.0, 2937796.0]
[1715.0, 2941225.0]
[1716.0, 2944656.0]
[1717.0, 2948089.0]
[1718.0, 2951524.0]
[1719.0, 2954961.0]
[1720.0, 2958400.0]
[1721.0, 2961841.0]
[1722.0, 2965284.0]
[1723.0, 2968729.0]
[1724.0, 2972176.0]
[1725.0, 2975625.0]
[1726.0, 2979076.0]
[1727.0, 2982529.0]
[1728.0, 2985984.0]
[1729.0, 2989441.0]
[1730.0, 2992900.0]
[1731.0, 2996361.0]
[1732.0, 2999824.0]
[1733.0, 3003289.0]
[1734.0, 3006756.0]
[1735.0, 3010225.0]
[1736.0, 3013696.0]
[1737.0, 3017169.0]
[1738.0, 3020644.0]
[1739.0, 3024121.0]
[1740.0, 3027600.0]
[1741.0, 3031081.0]
[1742.0, 3034564.0]
[1743.0, 3038049.0]
[1744.0, 3041536.0]
[1745.0, 3045025.0]
[1746.0, 3048516.0]
[1747.0, 3052009.0]
[1748.0, 3055504.0]
[1749.0, 3059001.0]
[1750.0, 3062500.0]
[1751.0, 3066001.0]
[1752.0, 3069504.0]
[1753.0, 3073009.0]
[1754.0, 3076516.0]
[1755.0, 3080025.0]
[1756.0, 3083536.0]
[1757.0, 3087049.0]
[1758.0, 3090564.0]
[1759.0, 3094081.0]
[1760.0, 3097600.0]
[1761.0, 3101121.0]
[1762.0, 3104644.0]
[1763.0, 3108169.0]
[1764.0, 3111696.0]
[1765.0, 3115225.0]
[1766.0, 3118756.0]
[1767.0, 3122289.0]
[1768.0, 3125824.0]
[1769.0, 3129361.0]
[1770.0, 3132900.0]
[1771.0, 3136441.0]
[1772.0, 3139984.0]
[1773.0, 3143529.0]
[1774.0, 3147076.0]
[1775.0, 3150625.0]
[1776.0, 3154176.0]
[1777.0, 3157729.0]
[1778.0, 3161284.0]
[1779.0, 3164841.0]
[1780.0, 3168400.0]
[1781.0, 3171961.0]
[1782.0, 3175524.0]
[1783.0, 3179089.0]
[1784.0, 3182656.0]
[1785.0, 3186225.0]
[1786.0, 3189796.0]
[1787.0, 3193369.0]
[1788.0, 3196944.0]
[1789.0, 3200521.0]
[1790.0, 3204100.0]
[1791.0, 3207681.0]
[1792.0, 3211264.0]
[1793.0, 3214849.0]
[1794.0, 3218436.0]
[1795.0, 3222025.0]
[1796.0, 3225616.0]
[1797.0, 3229209.0]
[1798.0, 3232804.0]
[1799.0, 3236401.0]
[1800.0, 3240000.0]
[1801.0, 3243601.0]
[1802.0, 3247204.0]
[1803.0, 3250809.0]
[1804.0, 3254416.0]
[1805.0, 3258025.0]
[1806.0, 3261636.0]
[1807.0, 3265249.0]
[1808.0, 3268864.0]
[1809.0, 3272481.0]
[1810.0, 3276100.0]
[1811.0, 3279721.0]
[1812.0, 3283344.0]
[1813.0, 3286969.0]
[1814.0, 3290596.0]
[1815.0, 3294225.0]
[1816.0, 3297856.0]
[1817.0, 3301489.0]
[1818.0, 3305124.0]
[1819.0, 3308761.0]
[1820.0, 3312400.0]
[1821.0, 3316041.0]
[1822.0, 3319684.0]
[1823.0, 3323329.0]
[1824.0, 3326976.0]
[1825.0, 3330625.0]
[1826.0, 3334276.0]
[1827.0, 3337929.0]
[1828.0, 3341584.0]
[1829.0, 3345241.0]
[1830.0, 3348900.0]
[1831.0, 3352561.0]
[1832.0, 3356224.0]
[1833.0, 3359889.0]
[1834.0, 3363556.0]
[1835.0, 3367225.0]
[1836.0, 3370896.0]
[1837.0, 3374569.0]
[1838.0, 3378244.0]
[1839.0, 3381921.0]
[1840.0, 3385600.0]
[1841.0, 3389281.0]
[1842.0, 3392964.0]
[1843.0, 3396649.0]
[1844.0, 3400336.0]
[1845.0, 3404025.0]
[1846.0, 3407716.0]
[1847.0, 3411409.0]
[1848.0, 3415104.0]
[1849.0, 3418801.0]
[1850.0, 3422500.0]
[1851.0, 3426201.0]
[1852.0, 3429904.0]
[1853.0, 3433609.0]
[1854.0, 3437316.0]
[1855.0, 3441025.0]
[1856.0, 3444736.0]
[1857.0, 3448449.0]
[1858.0, 3452164.0]
[1859.0, 3455881.0]
[1860.0, 3459600.0]
[1861.0, 3463321.0]
[1862.0, 3467044.0]
[1863.0, 3470769.0]
[1864.0, 3474496.0]
[1865.0, 3478225.0]
[1866.0, 3481956.0]
[1867.0, 3485689.0]
[1868.0, 3489424.0]
[1869.0, 3493161.0]
[1870.0, 3496900.0]
[1871.0, 3500641.0]
[1872.0, 3504384.0]
[1873.0, 3508129.0]
[1874.0, 3511876.0]
[1875.0, 3515625.0]
[1876.0, 3519376.0]
[1877.0, 3523129.0]
[1878.0, 3526884.0]
[1879.0, 3530641.0]
[1880.0, 3534400.0]
[1881.0, 3538161.0]
[1882.0, 3541924.0]
[1883.0, 3545689.0]
[1884.0, 3549456.0]
[1885.0, 3553225.0]
[1886.0, 3556996.0]
[1887.0, 3560769.0]
[1888.0, 3564544.0]
[1889.0, 3568321.0]
[1890.0, 3572100.0]
[1891.0, 3575881.0]
[1892.0, 3579664.0]
[1893.0, 3583449.0]
[1894.0, 3587236.0]
[1895.0, 3591025.0]
[1896.0, 3594816.0]
[1897.0, 3598609.0]
[1898.0, 3602404.0]
[1899.0, 3606201.0]
[1900.0, 3610000.0]
[1901.0, 3613801.0]
[1902.0, 3617604.0]
[1903.0, 3621409.0]
[1904.0, 3625216.0]
[1905.0, 3629025.0]
[1906.0, 3632836.0]
[1907.0, 3636649.0]
[1908.0, 3640464.0]
[1909.0, 3644281.0]
[1910.0, 3648100.0]
[1911.0, 3651921.0]
[1912.0, 3655744.0]
[1913.0, 3659569.0]
[1914.0, 3663396.0]
[1915.0, 3667225.0]
[1916.0, 3671056.0]
[1917.0, 3674889.0]
[1918.0, 3678724.0]
[1919.0, 3682561.0]
[1920.0, 3686400.0]
[1921.0, 3690241.0]
[1922.0, 3694084.0]
[1923.0, 3697929.0]
[1924.0, 3701776.0]
[1925.0, 3705625.0]
[1926.0, 3709476.0]
[1927.0, 3713329.0]
[1928.0, 3717184.0]
[1929.0, 3721041.0]
[1930.0, 3724900.0]
[1931.0, 3728761.0]
[1932.0, 3732624.0]
[1933.0, 3736489.0]
[1934.0, 3740356.0]
[1935.0, 3744225.0]
[1936.0, 3748096.0]
[1937.0, 3751969.0]
[1938.0, 3755844.0]
[1939.0, 3759721.0]
[1940.0, 3763600.0]
[1941.0, 3767481.0]
[1942.0, 3771364.0]
[1943.0, 3775249.0]
[1944.0, 3779136.0]
[1945.0, 3783025.0]
[1946.0, 3786916.0]
[1947.0, 3790809.0]
[1948.0, 3794704.0]
[1949.0, 3798601.0]
[1950.0, 3802500.0]
[1951.0, 3806401.0]
[1952.0, 3810304.0]
[1953.0, 3814209.0]
[1954.0, 3818116.0]
[1955.0, 3822025.0]
[1956.0, 3825936.0]
[1957.0, 3829849.0]
[1958.0, 3833764.0]
[1959.0, 3837681.0]
[1960.0, 3841600.0]
[1961.0, 3845521.0]
[1962.0, 3849444.0]
[1963.0, 3853369.0]
[1964.0, 3857296.0]
[1965.0, 3861225.0]
[1966.0, 3865156.0]
[1967.0, 3869089.0]
[1968.0, 3873024.0]
[1969.0, 3876961.0]
[1970.0, 3880900.0]
[1971.0, 3884841.0]
[1972.0, 3888784.0]
[1973.0, 3892729.0]
[1974.0, 3896676.0]
[1975.0, 3900625.0]
[1976.0, 3904576.0]
[1977.0, 3908529.0]
[1978.0, 3912484.0]
[1979.0, 3916441.0]
[1980.0, 3920400.0]
[1981.0, 3924361.0]
[1982.0, 3928324.0]
[1983.0, 3932289.0]
[1984.0, 3936256.0]
[1985.0, 3940225.0]
[1986.0, 3944196.0]
[1987.0, 3948169.0]
[1988.0, 3952144.0]
[1989.0, 3956121.0]
[1990.0, 3960100.0]
[1991.0, 3964081.0]
[1992.0, 3968064.0]
[1993.0, 3972049.0]
[1994.0, 3976036.0]
[1995.0, 3980025.0]
[1996.0, 3984016.0]
[1997.0, 3988009.0]
[1998.0, 3992004.0]
[1999.0, 3996001.0]